<?xml version="1.0" encoding="UTF-8"?>
<testng-results skipped="0" failed="0" ignored="0" total="1" passed="1">
  <reporter-output>
  </reporter-output>
  <suite name="Default suite" duration-ms="27651" started-at="2018-01-05T11:46:17Z" finished-at="2018-01-05T11:46:45Z">
    <groups>
    </groups>
    <test name="Default test" duration-ms="27651" started-at="2018-01-05T11:46:17Z" finished-at="2018-01-05T11:46:45Z">
      <class name="discovery.Ecommerce.PageCheckRequestMore1000Characters">
        <test-method status="PASS" signature="PageCheckRequestACopy()[pri:0, instance:discovery.Ecommerce.PageCheckRequestMore1000Characters@c6f5b]" name="PageCheckRequestACopy" duration-ms="27651" started-at="2018-01-05T11:46:17Z" finished-at="2018-01-05T11:46:45Z">
          <reporter-output>
          </reporter-output>
        </test-method> <!-- PageCheckRequestACopy -->
      </class> <!-- discovery.Ecommerce.PageCheckRequestMore1000Characters -->
    </test> <!-- Default test -->
  </suite> <!-- Default suite -->
</testng-results>
