<?xml version="1.0" encoding="UTF-8"?>
<!-- Generated by org.testng.reporters.JUnitXMLReporter -->
<testsuite hostname="PR020921" ignored="0" name="BasicSearchOnTest" tests="14" failures="0" timestamp="10 Jan 2018 12:17:58 GMT" time="504.212" errors="0">
  <testcase name="VerifyCollectionAndSubjects" time="32.447" classname="discovery.BasicSearchOnTest.BS_FilterResult_VerifyCollectionAndSubjects"/>
  <testcase name="ExportFirst1000RecordCreatorAsHTML" time="48.106" classname="discovery.BasicSearchOnTest.BS_GreaterThan10000_ExportFirst1000RecordCreatorAsHTML"/>
  <testcase name="Export1000RecordCreatorAsXML" time="39.706" classname="discovery.BasicSearchOnTest.BS_LessThan10000_Export1000RecordCreatorAsXML"/>
  <testcase name="Export1000RecordsAsXML" time="47.456" classname="discovery.BasicSearchOnTest.BS_LessThan10000_Export1000RecordsAsXML"/>
  <testcase name="ExportAllRecordCreatorsAsCSV" time="46.087" classname="discovery.BasicSearchOnTest.BS_LessThan10000_ExportAllRecordCreatorsAsCSV"/>
  <testcase name="SortedBy_Alldropdowns" time="40.858" classname="discovery.BasicSearchOnTest.BS_LessThan10000_SortedBy_Alldropdowns"/>
  <testcase name="LessThan10000_SortedBy_Reference" time="29.604" classname="discovery.BasicSearchOnTest.BS_LessThan10000_SortedBy_Reference"/>
  <testcase name="LessThan10000ExportAllRecordsAsCSV" time="43.863" classname="discovery.BasicSearchOnTest.BS_LessThan10000ExportAllRecordsAsCSV"/>
  <testcase name="RecordCreator_filterresult" time="28.271" classname="discovery.BasicSearchOnTest.BS_RecordCreator_filterresult"/>
  <testcase name="VerifyTotalNoOfRRecordsAndRecordCreators" time="32.946" classname="discovery.BasicSearchOnTest.BS_VerifyTotalNoOfRRecordsAndRecordCreators"/>
  <testcase name="VerifyTotalNoOfRecordsEachLink" time="39.041" classname="discovery.BasicSearchOnTest.BS_VerifyTotalNoOfRecordsEachLink"/>
  <testcase name="defalutRecordsPerPage" time="0.033" classname="discovery.BasicSearchOnTest.BS_NoOfRecordsPerPage15And30And60"/>
  <testcase name="click30" time="6.64" classname="discovery.BasicSearchOnTest.BS_NoOfRecordsPerPage15And30And60"/>
  <testcase name="click60" time="6.54" classname="discovery.BasicSearchOnTest.BS_NoOfRecordsPerPage15And30And60"/>
</testsuite> <!-- BasicSearchOnTest -->
