<?xml version="1.0" encoding="UTF-8"?>
<!-- Generated by org.testng.reporters.JUnitXMLReporter -->
<testsuite hostname="PR020921" ignored="0" name="BasicSearchOnTest" tests="14" failures="0" timestamp="04 Jan 2018 16:18:03 GMT" time="597.836" errors="0">
  <testcase name="VerifyCollectionAndSubjects" time="33.079" classname="discovery.BasicSearchOnTest.BS_FilterResult_VerifyCollectionAndSubjects"/>
  <testcase name="ExportFirst1000RecordCreatorAsHTML" time="44.254" classname="discovery.BasicSearchOnTest.BS_GreaterThan10000_ExportFirst1000RecordCreatorAsHTML"/>
  <testcase name="Export1000RecordCreatorAsXML" time="70.815" classname="discovery.BasicSearchOnTest.BS_LessThan10000_Export1000RecordCreatorAsXML"/>
  <testcase name="Export1000RecordsAsXML" time="64.207" classname="discovery.BasicSearchOnTest.BS_LessThan10000_Export1000RecordsAsXML"/>
  <testcase name="ExportAllRecordCreatorsAsCSV" time="44.533" classname="discovery.BasicSearchOnTest.BS_LessThan10000_ExportAllRecordCreatorsAsCSV"/>
  <testcase name="SortedBy_Alldropdowns" time="79.32" classname="discovery.BasicSearchOnTest.BS_LessThan10000_SortedBy_Alldropdowns"/>
  <testcase name="LessThan10000_SortedBy_Reference" time="30.276" classname="discovery.BasicSearchOnTest.BS_LessThan10000_SortedBy_Reference"/>
  <testcase name="LessThan10000ExportAllRecordsAsCSV" time="55.451" classname="discovery.BasicSearchOnTest.BS_LessThan10000ExportAllRecordsAsCSV"/>
  <testcase name="RecordCreator_filterresult" time="26.601" classname="discovery.BasicSearchOnTest.BS_RecordCreator_filterresult"/>
  <testcase name="VerifyTotalNoOfRRecordsAndRecordCreators" time="37.338" classname="discovery.BasicSearchOnTest.BS_VerifyTotalNoOfRRecordsAndRecordCreators"/>
  <testcase name="VerifyTotalNoOfRecordsEachLink" time="39.731" classname="discovery.BasicSearchOnTest.BS_VerifyTotalNoOfRecordsEachLink"/>
  <testcase name="defalutRecordsPerPage" time="0.017" classname="discovery.BasicSearchOnTest.BS_NoOfRecordsPerPage15And30And60"/>
  <testcase name="click30" time="6.3" classname="discovery.BasicSearchOnTest.BS_NoOfRecordsPerPage15And30And60"/>
  <testcase name="click60" time="6.777" classname="discovery.BasicSearchOnTest.BS_NoOfRecordsPerPage15And30And60"/>
</testsuite> <!-- BasicSearchOnTest -->
