<?xml version="1.0" encoding="UTF-8"?>
<!-- Generated by org.testng.reporters.JUnitXMLReporter -->
<testsuite hostname="PR020921" ignored="0" name="BrowseOnTest" tests="4" failures="0" timestamp="10 Jan 2018 12:26:41 GMT" time="54.352" errors="0">
  <testcase name="Browse_Archives" time="14.627" classname="discovery.BrowseOnTest.Browse_Archives"/>
  <testcase name="recordCreators" time="18.845" classname="discovery.BrowseOnTest.Record_Creators"/>
  <testcase name="otherArchives" time="9.028" classname="discovery.BrowseOnTest.Records_Of_OtherArchives"/>
  <testcase name="browseRecords" time="11.846" classname="discovery.BrowseOnTest.Records_Of_TNA"/>
</testsuite> <!-- BrowseOnTest -->
