<?xml version="1.0" encoding="UTF-8"?>
<!-- Generated by org.testng.reporters.JUnitXMLReporter -->
<testsuite hostname="PR020921" ignored="0" name="BrowseOnTest" tests="4" failures="0" timestamp="04 Jan 2018 16:27:00 GMT" time="59.368" errors="0">
  <testcase name="Browse_Archives" time="13.259" classname="discovery.BrowseOnTest.Browse_Archives"/>
  <testcase name="recordCreators" time="21.073" classname="discovery.BrowseOnTest.Record_Creators"/>
  <testcase name="otherArchives" time="10.748" classname="discovery.BrowseOnTest.Records_Of_OtherArchives"/>
  <testcase name="browseRecords" time="14.284" classname="discovery.BrowseOnTest.Records_Of_TNA"/>
</testsuite> <!-- BrowseOnTest -->
