<?xml version="1.0" encoding="UTF-8"?>
<!-- Generated by org.testng.reporters.JUnitXMLReporter -->
<testsuite hostname="PR020921" ignored="0" name="cabinetPapersSearch" tests="5" failures="0" timestamp="10 Jan 2018 12:35:30 GMT" time="45.681" errors="0">
  <testcase name="cabinetSearch" time="11.538" classname="cabinetPapersSearch.CabinetPapers_Date_descriptionOnly"/>
  <testcase name="cabinetSearch" time="7.846" classname="cabinetPapersSearch.CabinetPapers_Document_descriptionOnly"/>
  <testcase name="cabinetSearch" time="9.809" classname="cabinetPapersSearch.CabinetPapers_Educationresources"/>
  <testcase name="cabinetSearch" time="7.765" classname="cabinetPapersSearch.CabinetPapers_EntireDocument"/>
  <testcase name="cabinetSearch" time="8.718" classname="cabinetPapersSearch.CabinetPapers_FilterbyAll_EntireDocument"/>
</testsuite> <!-- cabinetPapersSearch -->
