<?xml version="1.0" encoding="UTF-8"?>
<!-- Generated by org.testng.reporters.JUnitXMLReporter -->
<testsuite hostname="PR020921" ignored="0" name="DeliveryOption" tests="31" failures="1" timestamp="04 Jan 2018 15:51:00 GMT" time="377.92" errors="0">
  <testcase name="academicSubscription" time="32.184" classname="dicovery.DeliveryOption.AcademicSubscription"/>
  <testcase name="accessUnderReview" time="11.808" classname="dicovery.DeliveryOption.AccessUnderReview"/>
  <testcase name="AV_Media" time="10.242" classname="dicovery.DeliveryOption.AV_Media"/>
  <testcase name="closedFoiReview" time="9.127" classname="dicovery.DeliveryOption.ClosedFOIReview"/>
  <testcase name="closedRetainedDeptKnown" time="11.868" classname="dicovery.DeliveryOption.ClosedRetainedDeptKnown"/>
  <testcase name="closedRetainedDeptUnKnown" time="9.332" classname="dicovery.DeliveryOption.ClosedRetainedDeptUnKnown"/>
  <testcase name="collectionCare" time="12.882" classname="dicovery.DeliveryOption.Collectioncare"/>
  <testcase name="digitizedAvailableButNotDownlodableAtItemLevel" time="9.915" classname="dicovery.DeliveryOption.DigitizedAvailableButNotDownloadableAtItemLevel"/>
  <testcase name="digitizedAvailableButNotDownlodableAtPieceLevel" time="9.998" classname="dicovery.DeliveryOption.DigitizedAvailableButNotDownloadableAtPieceLevel"/>
  <testcase name="digitizedDiscovery" time="16.248" classname="dicovery.DeliveryOption.DigitizedDiscovery"/>
  <testcase name="digitizedDiscoveryForSurrogate" time="19.809" classname="dicovery.DeliveryOption.DigitizedDiscoveryForSurrogate"/>
  <testcase name="digitizedLia" time="9.234" classname="dicovery.DeliveryOption.DigitizedLia"/>
  <testcase name="digitizedOther" time="9.454" classname="dicovery.DeliveryOption.DigitizedOther"/>
  <testcase name="digitizedPartiallyOpened" time="7.451" classname="dicovery.DeliveryOption.DigitizedPartiallyOpened"/>
  <testcase name="displayAtMuseum" time="13.118" classname="dicovery.DeliveryOption.DisplayAtMuseum"/>
  <testcase name="fileAuthority" time="14.502" classname="dicovery.DeliveryOption.FileAuthority"/>
  <testcase name="govtWebArchive" time="10.42" classname="dicovery.DeliveryOption.GovtWebArchive"/>
  <testcase name="inUse" time="15.731" classname="dicovery.DeliveryOption.InUse"/>
  <testcase name="invigilationSafeRoom" time="12.987" classname="dicovery.DeliveryOption.InvigilationSafeRoom"/>
  <testcase name="localArchive" time="10.394" classname="dicovery.DeliveryOption.LocalArchive"/>
  <testcase name="missingLost" time="9.299" classname="dicovery.DeliveryOption.MissingLost"/>
  <testcase name="mouldTreatment" time="12.219" classname="dicovery.DeliveryOption.MouldTreatment"/>
  <testcase name="offsite" time="9.844" classname="dicovery.DeliveryOption.Offsite"/>
  <testcase name="onloan" time="9.543" classname="dicovery.DeliveryOption.Onloan"/>
  <testcase name="OrderOriginal" time="9.442" classname="dicovery.DeliveryOption.OrderOriginal"/>
  <testcase name="paidSearch" time="8.309" classname="dicovery.DeliveryOption.PaidSearch">
    <failure type="java.lang.AssertionError" message="expected [This record is closed
Opening date: 03 February 2023
To request a search of closed digital records you are required to upload documents as proof that the person is no longer living. However, for security reasons, the computer terminals in our reading rooms do not allow documents to be uploaded. To request a search of closed digital records please access our website from outside The National Archives.] but found [This record is closed
Opening date: date: 03 February 2023
To request a search of closed digital records you are required to upload documents as proof that the person is no longer living. However, for security reasons, the computer terminals in our reading rooms do not allow documents to be uploaded. To request a search of closed digital records please access our website from outside The National Archives.]">
      <![CDATA[java.lang.AssertionError: expected [This record is closed
Opening date: 03 February 2023
To request a search of closed digital records you are required to upload documents as proof that the person is no longer living. However, for security reasons, the computer terminals in our reading rooms do not allow documents to be uploaded. To request a search of closed digital records please access our website from outside The National Archives.] but found [This record is closed
Opening date: date: 03 February 2023
To request a search of closed digital records you are required to upload documents as proof that the person is no longer living. However, for security reasons, the computer terminals in our reading rooms do not allow documents to be uploaded. To request a search of closed digital records please access our website from outside The National Archives.]
	at dicovery.DeliveryOption.PaidSearch.paidSearch(PaidSearch.java:56)
... Removed 31 stack frames]]>
    </failure>
  </testcase> <!-- paidSearch -->
  <testcase name="surrogate" time="13.433" classname="dicovery.DeliveryOption.Surrogate"/>
  <testcase name="tooLargeToCopyOriginal" time="12.027" classname="dicovery.DeliveryOption.TooLargeToCopyOriginal"/>
  <testcase name="tooLargeToCopySurrogate" time="11.177" classname="dicovery.DeliveryOption.TooLargeToCopySurrogate"/>
  <testcase name="unAvailable" time="11.728" classname="dicovery.DeliveryOption.UnAvailable"/>
  <testcase name="unfit" time="14.043" classname="dicovery.DeliveryOption.Unfit"/>
</testsuite> <!-- DeliveryOption -->
