<?xml version="1.0" encoding="UTF-8"?>
<!-- Generated by org.testng.reporters.JUnitXMLReporter -->
<testsuite hostname="PR020921" ignored="0" name="DeliveryOption" tests="31" failures="3" timestamp="10 Jan 2018 11:52:53 GMT" time="378.54" errors="0">
  <testcase name="academicSubscription" time="15.207" classname="dicovery.DeliveryOption.AcademicSubscription"/>
  <testcase name="accessUnderReview" time="10.576" classname="dicovery.DeliveryOption.AccessUnderReview"/>
  <testcase name="AV_Media" time="12.292" classname="dicovery.DeliveryOption.AV_Media"/>
  <testcase name="closedFoiReview" time="10.435" classname="dicovery.DeliveryOption.ClosedFOIReview"/>
  <testcase name="closedRetainedDeptKnown" time="24.086" classname="dicovery.DeliveryOption.ClosedRetainedDeptKnown"/>
  <testcase name="closedRetainedDeptUnKnown" time="9.594" classname="dicovery.DeliveryOption.ClosedRetainedDeptUnKnown"/>
  <testcase name="collectionCare" time="12.998" classname="dicovery.DeliveryOption.Collectioncare"/>
  <testcase name="digitizedAvailableButNotDownlodableAtItemLevel" time="9.806" classname="dicovery.DeliveryOption.DigitizedAvailableButNotDownloadableAtItemLevel"/>
  <testcase name="digitizedAvailableButNotDownlodableAtPieceLevel" time="9.691" classname="dicovery.DeliveryOption.DigitizedAvailableButNotDownloadableAtPieceLevel"/>
  <testcase name="digitizedDiscovery" time="16.045" classname="dicovery.DeliveryOption.DigitizedDiscovery"/>
  <testcase name="digitizedDiscoveryForSurrogate" time="19.371" classname="dicovery.DeliveryOption.DigitizedDiscoveryForSurrogate"/>
  <testcase name="digitizedLia" time="9.983" classname="dicovery.DeliveryOption.DigitizedLia"/>
  <testcase name="digitizedOther" time="9.893" classname="dicovery.DeliveryOption.DigitizedOther"/>
  <testcase name="digitizedPartiallyOpened" time="6.766" classname="dicovery.DeliveryOption.DigitizedPartiallyOpened"/>
  <testcase name="displayAtMuseum" time="12.741" classname="dicovery.DeliveryOption.DisplayAtMuseum"/>
  <testcase name="fileAuthority" time="15.177" classname="dicovery.DeliveryOption.FileAuthority"/>
  <testcase name="govtWebArchive" time="6.096" classname="dicovery.DeliveryOption.GovtWebArchive">
    <failure type="java.lang.AssertionError" message="expected [This record is held by UK Government Web Archive
The catalogue description may contain a link to this archived website, or you can view the A-Z of archived websites.
View A-Z of archived websites] but found [This record is held by UK Government Web Archive
The description below might contain a specific link to this archived website, or you can view the A-Z of archived websites.
View A-Z of archived websites]">
      <![CDATA[java.lang.AssertionError: expected [This record is held by UK Government Web Archive
The catalogue description may contain a link to this archived website, or you can view the A-Z of archived websites.
View A-Z of archived websites] but found [This record is held by UK Government Web Archive
The description below might contain a specific link to this archived website, or you can view the A-Z of archived websites.
View A-Z of archived websites]
	at dicovery.DeliveryOption.GovtWebArchive.govtWebArchive(GovtWebArchive.java:57)
... Removed 31 stack frames]]>
    </failure>
  </testcase> <!-- govtWebArchive -->
  <testcase name="inUse" time="16.081" classname="dicovery.DeliveryOption.InUse"/>
  <testcase name="invigilationSafeRoom" time="13.737" classname="dicovery.DeliveryOption.InvigilationSafeRoom"/>
  <testcase name="localArchive" time="9.853" classname="dicovery.DeliveryOption.LocalArchive"/>
  <testcase name="missingLost" time="6.142" classname="dicovery.DeliveryOption.MissingLost">
    <failure type="java.lang.AssertionError" message="expected [This record is missing and is unavailable
Additional information may be found in the catalogue description.] but found [This record is missing and is unavailable
Additional information may be found in the description below.]">
      <![CDATA[java.lang.AssertionError: expected [This record is missing and is unavailable
Additional information may be found in the catalogue description.] but found [This record is missing and is unavailable
Additional information may be found in the description below.]
	at dicovery.DeliveryOption.MissingLost.missingLost(MissingLost.java:62)
... Removed 31 stack frames]]>
    </failure>
  </testcase> <!-- missingLost -->
  <testcase name="mouldTreatment" time="12.945" classname="dicovery.DeliveryOption.MouldTreatment"/>
  <testcase name="offsite" time="10.216" classname="dicovery.DeliveryOption.Offsite"/>
  <testcase name="onloan" time="10.463" classname="dicovery.DeliveryOption.Onloan"/>
  <testcase name="OrderOriginal" time="20.635" classname="dicovery.DeliveryOption.OrderOriginal"/>
  <testcase name="paidSearch" time="13.109" classname="dicovery.DeliveryOption.PaidSearch"/>
  <testcase name="surrogate" time="13.173" classname="dicovery.DeliveryOption.Surrogate"/>
  <testcase name="tooLargeToCopyOriginal" time="9.878" classname="dicovery.DeliveryOption.TooLargeToCopyOriginal"/>
  <testcase name="tooLargeToCopySurrogate" time="12.709" classname="dicovery.DeliveryOption.TooLargeToCopySurrogate"/>
  <testcase name="unAvailable" time="5.455" classname="dicovery.DeliveryOption.UnAvailable">
    <failure type="java.lang.AssertionError" message="expected [This record is not available to order. More information may be available in the catalogue description.] but found [Additional information may be found in the description below.]">
      <![CDATA[java.lang.AssertionError: expected [This record is not available to order. More information may be available in the catalogue description.] but found [Additional information may be found in the description below.]
	at dicovery.DeliveryOption.UnAvailable.unAvailable(UnAvailable.java:49)
... Removed 31 stack frames]]>
    </failure>
  </testcase> <!-- unAvailable -->
  <testcase name="unfit" time="13.315" classname="dicovery.DeliveryOption.Unfit"/>
</testsuite> <!-- DeliveryOption -->
