<?xml version="1.0" encoding="UTF-8"?>
<!-- Generated by org.testng.reporters.JUnitXMLReporter -->
<testsuite hostname="PR020921" ignored="0" name="DetailPageOnTest" tests="6" failures="0" timestamp="10 Jan 2018 12:25:47 GMT" time="97.118" errors="0">
  <testcase name="detailPgae" time="50.126" classname="discovery.DetailPageOnTest.Verify_DetailPage_OnAllLevels"/>
  <testcase name="series_Serach" time="6.949" classname="discovery.DetailPageOnTest.Verify_DetailPage_OnSeriesLevel"/>
  <testcase name="DetailPage_ErrorOnRecordDescription" time="17.299" classname="discovery.DetailPageOnTest.DetailPage_ErrorOnRecordDescription"/>
  <testcase name="DetailPage_CouldThisPageBeImproved_NO" time="8.712" classname="discovery.DetailPageOnTest.DetailPage_CouldThisPageBeImproved_NO"/>
  <testcase name="DetailPage_CouldThisPageBeImproved_Yes" time="6.563" classname="discovery.DetailPageOnTest.DetailPage_CouldThisPageBeImproved_Yes"/>
  <testcase name="DetailPage_ShowImages" time="7.461" classname="discovery.DetailPageOnTest.DetailPage_ShowImages"/>
</testsuite> <!-- DetailPageOnTest -->
