<?xml version="1.0" encoding="UTF-8"?>
<!-- Generated by org.testng.reporters.JUnitXMLReporter -->
<testsuite hostname="PR020921" ignored="0" name="DetailPageOnTest" tests="6" failures="0" timestamp="04 Jan 2018 16:26:00 GMT" time="100.929" errors="0">
  <testcase name="detailPgae" time="53.561" classname="discovery.DetailPageOnTest.Verify_DetailPage_OnAllLevels"/>
  <testcase name="series_Serach" time="6.89" classname="discovery.DetailPageOnTest.Verify_DetailPage_OnSeriesLevel"/>
  <testcase name="DetailPage_ErrorOnRecordDescription" time="17.997" classname="discovery.DetailPageOnTest.DetailPage_ErrorOnRecordDescription"/>
  <testcase name="DetailPage_CouldThisPageBeImproved_NO" time="7.472" classname="discovery.DetailPageOnTest.DetailPage_CouldThisPageBeImproved_NO"/>
  <testcase name="DetailPage_CouldThisPageBeImproved_Yes" time="8.279" classname="discovery.DetailPageOnTest.DetailPage_CouldThisPageBeImproved_Yes"/>
  <testcase name="DetailPage_ShowImages" time="6.724" classname="discovery.DetailPageOnTest.DetailPage_ShowImages"/>
</testsuite> <!-- DetailPageOnTest -->
