<?xml version="1.0" encoding="UTF-8"?>
<!-- Generated by org.testng.reporters.JUnitXMLReporter -->
<testsuite hostname="PR020921" ignored="0" name="Discovery Records_API" tests="4" failures="0" timestamp="04 Jan 2018 16:33:31 GMT" time="1.252" errors="0">
  <testcase name="verifyRecords_Details" time="0.138" classname="records_API.Discovery_API_Records_Children_parentID"/>
  <testcase name="verifyRecords_Details" time="0.024" classname="records_API.Discovery_API_Records_Collection"/>
  <testcase name="verifyRecords_Details" time="0.221" classname="records_API.Discovery_API_Records_Context_Id"/>
  <testcase name="verifyRecords_Details" time="0.865" classname="records_API.Discovery_API_Records_Details"/>
</testsuite> <!-- Discovery Records_API -->
