<?xml version="1.0" encoding="UTF-8"?>
<!-- Generated by org.testng.reporters.JUnitXMLReporter -->
<testsuite hostname="PR020921" ignored="0" name="discovery.TagOnTest" tests="3" failures="0" timestamp="05 Jan 2018 10:39:15 GMT" time="65.202" errors="0">
  <testcase name="deleteTag" time="21.36" classname="discovery.TagOnTest.DeleteTag"/>
  <testcase name="tag" time="20.91" classname="discovery.TagOnTest.AddTag"/>
  <testcase name="tag" time="22.916" classname="discovery.TagOnTest.DuplicateAddTag"/>
</testsuite> <!-- discovery.TagOnTest -->
