<?xml version="1.0" encoding="UTF-8"?>
<!-- Generated by org.testng.reporters.JUnitXMLReporter -->
<testsuite hostname="PR020921" ignored="0" name="Discovery Fileauthorities_API" tests="2" failures="0" timestamp="04 Jan 2018 16:33:30 GMT" time="7.0" errors="0">
  <testcase name="verifyFileAuthority" time="5.718" classname="fileauthorities_API.Discovery_API_Collections"/>
  <testcase name="verifyFileAuthority" time="1.28" classname="fileauthorities_API.Discovery_API_Flieauthorities"/>
</testsuite> <!-- Discovery Fileauthorities_API -->
