<?xml version="1.0" encoding="UTF-8"?>
<!-- Generated by org.testng.reporters.JUnitXMLReporter -->
<testsuite hostname="PR020921" ignored="0" name="Discovery Records_API" tests="4" failures="0" timestamp="10 Jan 2018 12:34:43 GMT" time="1.132" errors="0">
  <testcase name="verifyRecords_Details" time="0.157" classname="records_API.Discovery_API_Records_Children_parentID"/>
  <testcase name="verifyRecords_Details" time="0.032" classname="records_API.Discovery_API_Records_Collection"/>
  <testcase name="verifyRecords_Details" time="0.19" classname="records_API.Discovery_API_Records_Context_Id"/>
  <testcase name="verifyRecords_Details" time="0.747" classname="records_API.Discovery_API_Records_Details"/>
</testsuite> <!-- Discovery Records_API -->
