<?xml version="1.0" encoding="UTF-8"?>
<!-- Generated by org.testng.reporters.JUnitXMLReporter -->
<testsuite hostname="PR020921" ignored="0" name="Discovery Fileauthorities_API" tests="2" failures="0" timestamp="10 Jan 2018 12:34:41 GMT" time="2.427" errors="0">
  <testcase name="verifyFileAuthority" time="2.019" classname="fileauthorities_API.Discovery_API_Collections"/>
  <testcase name="verifyFileAuthority" time="0.405" classname="fileauthorities_API.Discovery_API_Flieauthorities"/>
</testsuite> <!-- Discovery Fileauthorities_API -->
