<?xml version="1.0" encoding="UTF-8"?>
<!-- Generated by org.testng.reporters.JUnitXMLReporter -->
<testsuite hostname="PR020921" ignored="0" name="DownlaodRecordOnTest" tests="3" failures="0" timestamp="10 Jan 2018 12:34:39 GMT" time="250.862" errors="0">
  <testcase name="verify_Download_ForStaff" time="117.631" classname="discovery.DownlaodRecordOnTest.Veriy_DownloadOption_ForStaff"/>
  <testcase name="verify_Download_InAccount" time="121.36" classname="discovery.DownlaodRecordOnTest.Veriy_DownloadOption_InAccount"/>
  <testcase name="verify_Download_OnConfirmationPage" time="11.865" classname="discovery.DownlaodRecordOnTest.Veriy_DownloadOption_OnConfirmationPage"/>
</testsuite> <!-- DownlaodRecordOnTest -->
