<?xml version="1.0" encoding="UTF-8"?>
<!-- Generated by org.testng.reporters.JUnitXMLReporter -->
<testsuite hostname="PR020921" ignored="0" name="DownlaodRecordOnTest" tests="3" failures="0" timestamp="04 Jan 2018 16:33:23 GMT" time="119.671" errors="0">
  <testcase name="verify_Download_ForStaff" time="61.582" classname="discovery.DownlaodRecordOnTest.Veriy_DownloadOption_ForStaff"/>
  <testcase name="verify_Download_InAccount" time="39.434" classname="discovery.DownlaodRecordOnTest.Veriy_DownloadOption_InAccount"/>
  <testcase name="verify_Download_OnConfirmationPage" time="18.651" classname="discovery.DownlaodRecordOnTest.Veriy_DownloadOption_OnConfirmationPage"/>
</testsuite> <!-- DownlaodRecordOnTest -->
