<?xml version="1.0" encoding="UTF-8"?>
<!-- Generated by org.testng.reporters.JUnitXMLReporter -->
<testsuite hostname="PR020921" ignored="0" name="FindAnAichiveOnTest" tests="14" failures="0" timestamp="10 Jan 2018 12:22:31 GMT" time="272.6" errors="0">
  <testcase name="BrowseCountryname" time="10.19" classname="discovery.FindAnAichiveOnTest.FA_BrowseByCountryName"/>
  <testcase name="BrowseCountryname2" time="9.627" classname="discovery.FindAnAichiveOnTest.FA_BrowseByCountryName"/>
  <testcase name="region" time="6.586" classname="discovery.FindAnAichiveOnTest.FA_ChooseRegion"/>
  <testcase name="region2" time="6.823" classname="discovery.FindAnAichiveOnTest.FA_ChooseRegion"/>
  <testcase name="region3" time="6.597" classname="discovery.FindAnAichiveOnTest.FA_ChooseRegion"/>
  <testcase name="FourthHomeNation" time="6.63" classname="discovery.FindAnAichiveOnTest.FA_HomeNation"/>
  <testcase name="ThirdHomeNation" time="6.513" classname="discovery.FindAnAichiveOnTest.FA_HomeNation"/>
  <testcase name="firstHomeNation" time="6.489" classname="discovery.FindAnAichiveOnTest.FA_HomeNation"/>
  <testcase name="secondHomeNation" time="6.446" classname="discovery.FindAnAichiveOnTest.FA_HomeNation"/>
  <testcase name="BrowseCountryname2" time="6.39" classname="discovery.FindAnAichiveOnTest.FA_UsingMap"/>
  <testcase name="usingmap" time="6.521" classname="discovery.FindAnAichiveOnTest.FA_UsingMap"/>
  <testcase name="Export1000RecordsAsXML" time="34.045" classname="discovery.FindAnAichiveOnTest.FA_Export1000RecordsAsXML"/>
  <testcase name="ExportAllRecordsAsCSV" time="30.461" classname="discovery.FindAnAichiveOnTest.FA_ExportAllRecordsAsCSV"/>
  <testcase name="ExportFirst1000RecordCreatorAsHTML" time="32.823" classname="discovery.FindAnAichiveOnTest.FA_ExportFirst1000RecordCreatorAsHTML"/>
</testsuite> <!-- FindAnAichiveOnTest -->
