<?xml version="1.0" encoding="UTF-8"?>
<!-- Generated by org.testng.reporters.JUnitXMLReporter -->
<testsuite hostname="PR020921" ignored="0" name="FindAnAichiveOnTest" tests="14" failures="0" timestamp="04 Jan 2018 16:22:53 GMT" time="288.932" errors="0">
  <testcase name="BrowseCountryname" time="10.654" classname="discovery.FindAnAichiveOnTest.FA_BrowseByCountryName"/>
  <testcase name="BrowseCountryname2" time="9.588" classname="discovery.FindAnAichiveOnTest.FA_BrowseByCountryName"/>
  <testcase name="region" time="6.628" classname="discovery.FindAnAichiveOnTest.FA_ChooseRegion"/>
  <testcase name="region2" time="6.631" classname="discovery.FindAnAichiveOnTest.FA_ChooseRegion"/>
  <testcase name="region3" time="6.664" classname="discovery.FindAnAichiveOnTest.FA_ChooseRegion"/>
  <testcase name="FourthHomeNation" time="6.777" classname="discovery.FindAnAichiveOnTest.FA_HomeNation"/>
  <testcase name="ThirdHomeNation" time="6.468" classname="discovery.FindAnAichiveOnTest.FA_HomeNation"/>
  <testcase name="firstHomeNation" time="6.567" classname="discovery.FindAnAichiveOnTest.FA_HomeNation"/>
  <testcase name="secondHomeNation" time="6.615" classname="discovery.FindAnAichiveOnTest.FA_HomeNation"/>
  <testcase name="BrowseCountryname2" time="6.662" classname="discovery.FindAnAichiveOnTest.FA_UsingMap"/>
  <testcase name="usingmap" time="6.355" classname="discovery.FindAnAichiveOnTest.FA_UsingMap"/>
  <testcase name="Export1000RecordsAsXML" time="35.373" classname="discovery.FindAnAichiveOnTest.FA_Export1000RecordsAsXML"/>
  <testcase name="ExportAllRecordsAsCSV" time="43.37" classname="discovery.FindAnAichiveOnTest.FA_ExportAllRecordsAsCSV"/>
  <testcase name="ExportFirst1000RecordCreatorAsHTML" time="29.112" classname="discovery.FindAnAichiveOnTest.FA_ExportFirst1000RecordCreatorAsHTML"/>
</testsuite> <!-- FindAnAichiveOnTest -->
