<?xml version="1.0" encoding="UTF-8"?>
<!-- Generated by org.testng.reporters.JUnitXMLReporter -->
<testsuite hostname="PR020921" ignored="0" name="repository_API" tests="2" failures="0" timestamp="10 Jan 2018 12:34:43 GMT" time="0.403" errors="0">
  <testcase name="verifyRecords_Details" time="0.152" classname="repository_API.Discovery_API_Repository_Collection"/>
  <testcase name="verifyRecords_Details" time="0.248" classname="repository_API.Discovery_API_Repository_details_Id"/>
</testsuite> <!-- repository_API -->
