<?xml version="1.0" encoding="UTF-8"?>
<!-- Generated by org.testng.reporters.JUnitXMLReporter -->
<testsuite hostname="PR020921" ignored="0" name="repository_API" tests="2" failures="0" timestamp="04 Jan 2018 16:33:32 GMT" time="0.386" errors="0">
  <testcase name="verifyRecords_Details" time="0.146" classname="repository_API.Discovery_API_Repository_Collection"/>
  <testcase name="verifyRecords_Details" time="0.238" classname="repository_API.Discovery_API_Repository_details_Id"/>
</testsuite> <!-- repository_API -->
