<?xml version="1.0" encoding="UTF-8"?>
<!-- Generated by org.testng.reporters.JUnitXMLReporter -->
<testsuite hostname="PR020921" ignored="0" name="Sar" tests="8" failures="0" timestamp="10 Jan 2018 11:54:12 GMT" time="79.71" errors="0">
  <testcase name="AB7190VisitTheDepartmentWebsite" time="10.334" classname="discovery.Sar.Sar_AB7190VisitTheDepartmentWebsite"/>
  <testcase name="CAB1343025Retention" time="9.413" classname="discovery.Sar.Sar_CAB1343025Retention"/>
  <testcase name="DPP23289FoiRequest" time="10.238" classname="discovery.Sar.Sar_DPP23289FoiRequest"/>
  <testcase name="HO4051079FoiRequest" time="9.696" classname="discovery.Sar.Sar_HO4051079FoiRequest"/>
  <testcase name="HO45237211FoiRequest" time="12.51" classname="discovery.Sar.Sar_HO45237211FoiRequest"/>
  <testcase name="J24312FoiRequest" time="9.387" classname="discovery.Sar.Sar_J24312FoiRequest"/>
  <testcase name="LEV2226ZFoiRequest" time="8.814" classname="discovery.Sar.Sar_LEV2226ZFoiRequest"/>
  <testcase name="RW33FQZFoiRequest" time="9.309" classname="discovery.Sar.Sar_RW33FQZFoiRequest"/>
</testsuite> <!-- Sar -->
