<?xml version="1.0" encoding="UTF-8"?>
<!-- Generated by org.testng.reporters.JUnitXMLReporter -->
<testsuite hostname="PR020921" ignored="0" name="SingleSignOnTest" tests="6" failures="0" timestamp="04 Jan 2018 16:31:23 GMT" time="120.745" errors="0">
  <testcase name="forgotten_Password" time="8.48" classname="discovery.SingleSignOnTest.SS_ForgttenPassword"/>
  <testcase name="clickRegisterwithEmptyFields" time="15.987" classname="discovery.SingleSignOnTest.SS_clickRegisterwithEmptyFields"/>
  <testcase name="NoAcceptTerm" time="14.558" classname="discovery.SingleSignOnTest.SS_NoAcceptTerm"/>
  <testcase name="clickRegisterwithInvalidEmail" time="22.053" classname="discovery.SingleSignOnTest.SS_clickRegisterwithInvalidEmail"/>
  <testcase name="clickRegisterwithInvalidPassword" time="19.7" classname="discovery.SingleSignOnTest.SS_clickRegisterwithInvalidPassword"/>
  <testcase name="CreateAccount_ChangeEmail_ChangePassword_DeleteAccount" time="39.387" classname="discovery.SingleSignOnTest.SS_CreateAccount_ChangeEmail_ChangePassword_DeleteAccount"/>
</testsuite> <!-- SingleSignOnTest -->
