<?xml version="1.0" encoding="UTF-8"?>
<!-- Generated by org.testng.reporters.JUnitXMLReporter -->
<testsuite hostname="PR020921" ignored="0" name="SingleSignOnTest" tests="6" failures="0" timestamp="10 Jan 2018 12:30:28 GMT" time="87.144" errors="0">
  <testcase name="forgotten_Password" time="8.641" classname="discovery.SingleSignOnTest.SS_ForgttenPassword"/>
  <testcase name="clickRegisterwithEmptyFields" time="10.893" classname="discovery.SingleSignOnTest.SS_clickRegisterwithEmptyFields"/>
  <testcase name="NoAcceptTerm" time="10.363" classname="discovery.SingleSignOnTest.SS_NoAcceptTerm"/>
  <testcase name="clickRegisterwithInvalidEmail" time="9.847" classname="discovery.SingleSignOnTest.SS_clickRegisterwithInvalidEmail"/>
  <testcase name="clickRegisterwithInvalidPassword" time="9.793" classname="discovery.SingleSignOnTest.SS_clickRegisterwithInvalidPassword"/>
  <testcase name="CreateAccount_ChangeEmail_ChangePassword_DeleteAccount" time="37.597" classname="discovery.SingleSignOnTest.SS_CreateAccount_ChangeEmail_ChangePassword_DeleteAccount"/>
</testsuite> <!-- SingleSignOnTest -->
