<?xml version="1.0" encoding="UTF-8"?>
<!-- Generated by org.testng.reporters.JUnitXMLReporter -->
<testsuite hostname="PR020921" ignored="0" name="Subscription" tests="1" failures="1" timestamp="04 Jan 2018 16:00:36 GMT" time="14.537" errors="0">
  <testcase name="SubscriptionMoDMedalResearchOffice" time="14.536" classname="discovery.Subscription.SubscriptionMoDMedalResearchOffice">
    <failure type="java.lang.AssertionError" message="expected [] but found [Subscription (MoD Medal Research Office)]">
      <![CDATA[java.lang.AssertionError: expected [] but found [Subscription (MoD Medal Research Office)]
	at discovery.Subscription.SubscriptionMoDMedalResearchOffice.SubscriptionMoDMedalResearchOffice(SubscriptionMoDMedalResearchOffice.java:41)
... Removed 31 stack frames]]>
    </failure>
  </testcase> <!-- SubscriptionMoDMedalResearchOffice -->
</testsuite> <!-- Subscription -->
