<?xml version="1.0" encoding="UTF-8"?>
<!-- Generated by org.testng.reporters.JUnitXMLReporter -->
<testsuite hostname="PR020921" ignored="0" name="TagOnTest" tests="5" failures="0" timestamp="10 Jan 2018 12:28:34 GMT" time="112.661" errors="0">
  <testcase name="deleteTag" time="24.532" classname="discovery.TagOnTest.DeleteTag"/>
  <testcase name="tag" time="27.42" classname="discovery.TagOnTest.AddTag"/>
  <testcase name="tag" time="26.925" classname="discovery.TagOnTest.DuplicateAddTag"/>
  <testcase name="removalRequest" time="11.834" classname="discovery.TagOnTest.SelfTagRemovalRequestNoSignIn"/>
  <testcase name="tag" time="21.943" classname="discovery.TagOnTest.StopListTag"/>
</testsuite> <!-- TagOnTest -->
